
-=[ STARTING by Ramona on 2013-12-21 16:24:25 ]=-

-=[ EXITED on 2013-12-21 16:25:14 SIGTERM ]=-

-=[ STARTING by Ramona on 2013-12-21 16:25:37 ]=-

-=[ EXITED on 2013-12-21 16:28:34 SIGTERM ]=-

-=[ STARTING by Ramona on 2013-12-21 16:28:34 ]=-
1
1
1
1
1
1
1
1
1
1
1
1
1
1
1
1
1
1
1
1
1
1
1
1
1
1
1
1
1
1
1
1

-=[ EXITED on 2013-12-21 16:31:13 SIGKILL ]=-

-=[ STARTING by Ramona on 2013-12-21 16:54:14 ]=-
1
1
1
1

-=[ EXITED on 2013-12-21 16:54:32 SIGKILL ]=-

-=[ STARTING by Ramona on 2013-12-21 16:54:32 ]=-
1
1
1
1
1
1
1
1
1
1
1
1
1
1
1
1
1
1
1
1
1
1
1
1
1
1
1
1
1
1
1
1

-=[ EXITED on 2013-12-21 16:57:09 SIGTERM ]=-

-=[ STARTING by Ramona on 2013-12-21 16:57:19 ]=-
1
1
1
1
1
1
1
1
1
1
1
1

-=[ EXITED on 2013-12-21 16:58:17 SIGTERM ]=-

-=[ STARTING by Ramona on 2013-12-21 16:58:17 ]=-
1
1
1
1
1
1
1
1
1
1
1
1
1
1
1
1
1
1
1
1
1
1
1
1
1
1
1
1

-=[ EXITED on 2013-12-21 17:00:36 SIGTERM ]=-

-=[ STARTING by Ramona on 2013-12-21 17:00:36 ]=-
1
1

-=[ EXITED on 2013-12-21 17:00:45 SIGTERM ]=-

-=[ STARTING by Ramona on 2013-12-21 17:00:47 ]=-
1

-=[ EXITED on 2013-12-21 17:00:51 SIGTERM ]=-

-=[ STARTING by Ramona on 2013-12-21 17:01:09 ]=-
1
1
1
1
1
1
1
1
1
1
1
1
1
1
1
1
1
1
1
1
1
1
1
1
1
1
1
1
1
1
1
1
1
1
1
1
1
1
1
1
1
1
1
1
1
1
1
1
1
1
1
1
1
1
1
1
1
1
1
1
1
1
1
1
1
1
1
1
1
1
1
1
1
1
1
1
1
1
1
1
1
1
1
1
1
1
1
1
1
1
1
1
1
1
1
1
1
1
1
1
1
1
1
1
1
1
1
1
1
1
1
1
1
1
1
1
1
1
1
1
1
1
1
1
1
1
1
1
1
1
1
1
1
1
1
1
1
1
1
1
1
1
1
1
1
1
1
1
1
1
1
1
1
1
1
1
1
1
1
1
1
1
1
1
1
1
1
1
1
1
1
1
1
1
1
1
1
1
1
1
1
1
1
1
1
1
1
1
1
1
1
1
1
1
1
1
1
1
1
1
1
1
1
1
1
1
1
1
1
1
1
1
1
1
1
1
1
1
1
1
1
1
1
1
1
1
1
1
1
1
1
1
1
1
1
1
1
1
1
1
1
1
1
1
1
1
1
1
1
1
1
1
1
1
1
1
1
1
1
1
1
1
1
1
1
1
1
1
1
1
1
1
1
1
1
1
1
1
1
1
1
1
1
1
1
1
1
1
1
1
1
1
1
1
1
1
1
1
1
1
1
1
1
1
1
1
1
1
1
1
1
1
